3 3 2 3
4 7715 2 5
3 9 2 9
3 11 3 11
3 14 2 14
3 16 3 16
3 19 5 19
3 24 3 24
3 27 2 27
3 29 4 29
3 35 2 35
3 37 5 37
3 42 2 42
3 44 3 44
3 47 4 47
3 51 6 51
3 59 3 59
3 62 525 62
3 587 480 587
3 1067 472 1067
3 1539 471 1539
3 2011 3 2011
3 2014 474 2014
3 2488 481 2488
3 2969 491 2969
3 3460 481 3460
3 3941 2 3941
3 3943 491 3943
3 4434 477 4434
3 4911 439 4911
3 5350 512 5350
3 5862 3 5862
3 5865 451 5865
3 6316 443 6316
3 6759 471 6759
3 7230 484 7230
3 7720 2 7720
3 7722 2 7722
3 7724 462 7724
3 8186 450 8186
3 8636 488 8636
3 9124 456 9124
3 9581 433 9581
3 10014 473 10014
3 10487 465 10487
3 10952 504 10952
3 11456 2 11456
3 11458 477 11458
3 11935 475 11935
3 12410 456 12410
3 12866 501 12866
3 13367 3 13367
3 13370 512 13370
3 13882 482 13882
3 14364 486 14364
3 14850 478 14850
4 19142 3 15330
3 15333 2 15333
3 15335 6 15335
3 15341 492 15341
3 15833 480 15833
3 16313 487 16313
3 16800 455 16800
3 17256 462 17256
3 17718 460 17718
3 18178 473 18178
3 18651 491 18651
3 19145 463 19145
3 19608 460 19608
3 20068 466 20068
3 20534 457 20534
3 20991 5 20991
3 20996 489 20996
3 21485 489 21485
3 21974 490 21974
3 22464 471 22464
3 22936 3 22936
3 22939 3 22939
3 22942 5 22942
3 22947 6 22947
3 22953 471 22953
3 23424 518 23424
3 23942 472 23942
3 24414 468 24414
3 24882 4 24882
3 24886 485 24886
3 25371 459 25371
3 25830 480 25830
3 26310 482 26310
3 26792 484 26792
3 27276 471 27276
3 27747 486 27747
3 28233 470 28233
3 28704 481 28704
3 29185 494 29185
3 29679 459 29679
3 30138 472 30138
3 57 2 57
3 7718 2 7718
3 9580 1 9580
3 15329 1 15329
3 17255 1 17255
3 28703 1 28703
3 2010 1 0
2 22935 1 1
2 15328 1 2
1 3 1 3
1 4 1 4
3 9580 1 5
2 7716 1 6
1 7 1 7
2 7717 1 8
1 9 1 9
1 10 1 10
1 11 1 11
1 12 1 12
1 13 1 13
2 15329 1 14
1 15 1 15
2 7718 1 16
2 7719 1 17
1 18 1 18
1 19 1 19
1 20 1 20
1 21 1 21
1 22 1 22
1 23 1 23
1 24 1 24
1 25 1 25
1 26 1 26
1 27 1 27
1 28 1 28
1 29 1 29
1 30 1 30
1 31 1 31
1 32 1 32
1 33 1 33
1 34 1 34
1 35 1 35
1 36 1 36
1 37 1 37
2 57 1 38
2 58 1 39
1 40 1 40
1 41 1 41
1 42 1 42
1 43 1 43

