3 5 2 5
3 7 30 7
3 37 28 37
3 65 42 65
3 107 24 107
3 131 34 131
3 165 31 165
3 196 30 196
3 226 26 226
3 252 36 252
3 288 34 288
3 322 28 322
3 350 33 350
3 383 31 383
3 414 23 414
3 437 31 437
3 468 34 468
3 503 35 503
3 538 29 538
3 567 31 567
3 598 31 598
3 629 28 629
3 657 28 657
3 685 22 685
3 707 20 707
3 727 22 727
3 749 30 749
3 779 27 779
3 806 27 806
3 833 26 833
3 859 27 859
3 886 23 886
3 909 34 909
3 943 28 943
3 971 35 971
3 1006 32 1006
3 1038 32 1038
3 1071 36 1071
3 1107 22 1107
3 1129 26 1129
3 1155 30 1155
3 1185 37 1185
3 1222 25 1222
3 1247 29 1247
3 1276 20 1276
3 1296 25 1296
3 1321 24 1321
3 1345 15 1345
3 1360 34 1360
3 1394 33 1394
3 1427 29 1427
3 1456 26 1456
3 1482 32 1482
3 1514 28 1514
3 1542 16 1542
3 1558 28 1558
3 1586 33 1586
3 1619 31 1619
3 1650 26 1650
3 1676 27 1676
3 1703 18 1703
3 1721 38 1721
3 1759 31 1759
3 1790 33 1790
3 1823 41 1823
3 137 1 137
5 1630 1 143
10 338 1 147
7 261 1 169
7 159 1 177
11 373 1 189
10 1392 1 200
3 201 6 201
25 161 1 213
3 221 2 221
3 232 7 232
3 242 1 242
3 249 1 249
3 270 1 270
3 275 1 275
31 624 1 283
3 307 1 307
3 314 2 314
3 318 2 318
3 334 3 334
3 343 1 343
8 399 1 345
3 361 6 361
15 381 1 371
3 392 2 392
8 376 1 400
3 406 1 406
13 330 1 415
7 623 1 418
9 269 1 423
21 1511 1 431
3 453 1 453
3 455 8 455
44 378 1 471
33 176 1 487
3 492 4 492
3 498 1 498
3 512 7 512
3 519 13 519
4 140 1 544
3 550 2 550
19 1862 1 559
3 573 2 573
3 576 5 576
15 1391 1 586
18 624 1 605
3 608 3 608
28 381 1 616
13 280 1 626
8 261 1 639
4 170 1 640
3 661 2 661
11 381 1 665
7 395 1 678
26 249 1 690
15 277 1 697
12 373 1 703
13 941 1 709
3 712 6 712
4 194 2 721
3 728 2 728
3 733 3 733
3 741 4 741
3 746 2 746
3 759 2 759
3 768 3 768
8 1382 1 773
3 786 6 786
3 799 2 799
5 313 1 802
3 815 7 815
21 1862 1 825
3 839 2 839
14 295 1 843
6 399 1 851
14 343 1 863
8 330 1 871
30 378 1 873
11 421 1 879
9 1630 1 899
3 900 5 900
23 140 1 910
20 269 1 920
3 927 2 927
3 941 2 941
3 950 5 950
3 955 12 955
8 299 1 979
4 267 1 991
25 176 1 998
12 936 1 1009
9 1391 1 1019
3 1025 2 1025
13 249 1 1033
3 1045 7 1045
3 1056 5 1056
4 290 1 1080
3 1084 4 1084
4 1228 2 1095
4 302 1 1108
26 1712 1 1119
6 421 1 1122
8 176 1 1131
16 161 1 1139
4 312 2 1147
4 769 2 1152
3 1159 7 1159
9 1382 1 1170
11 1862 1 1180
10 312 1 1199
11 378 1 1208
23 624 1 1217
14 242 1 1236
16 1712 1 1238
6 242 1 1242
14 627 1 1256
9 378 1 1266
6 722 1 1273
3 1280 7 1280
3 1287 2 1287
3 1292 1 1292
29 1862 1 1310
3 1314 2 1314
3 1317 3 1317
11 941 1 1328
24 1862 1 1329
4 368 2 1346
9 624 1 1355
29 140 1 1356
3 1357 2 1357
4 1717 1 1374
3 1377 2 1377
3 1391 1 1391
3 1403 10 1403
3 1413 9 1413
5 228 1 1430
12 1294 1 1442
9 262 1 1447
3 1451 3 1451
10 1616 1 1470
3 1475 2 1475
9 1614 1 1485
3 1488 6 1488
12 163 1 1500
3 1511 1 1511
18 1862 1 1533
4 1768 2 1538
14 369 1 1543
3 1546 4 1546
8 623 1 1553
3 1561 2 1561
45 161 1 1569
5 1282 2 1577
8 317 1 1588
3 1597 7 1597
3 1604 4 1604
38 381 1 1628
17 176 1 1634
3 1640 3 1640
6 938 2 1648
3 1659 3 1659
3 1665 3 1665
3 1672 3 1672
16 280 1 1686
9 627 1 1694
3 1704 4 1704
3 1708 4 1708
6 627 1 1718
24 140 1 1735
5 936 1 1743
14 1292 1 1760
4 1836 2 1775
3 1781 2 1781
17 902 1 1793
3 1797 7 1797
3 1804 13 1804
5 1616 1 1827
3 1832 8 1832
3 1847 5 1847
4 1862 1 1861
1 1 1 1
1 2 1 2

