3 4 2 4
3 8 3 8
3 11 6 11
3 19 5 19
3 24 4 24
3 33 3 33
3 36 5 36
3 41 4 41
3 49 3 49
3 52 8 52
3 60 6 60
3 68 3 68
3 71 4 71
3 75 6 75
3 81 7 81
3 88 3 88
3 91 728 91
3 819 719 819
3 1538 760 1538
3 2298 731 2298
3 3029 6 3029
3 3035 717 3035
3 3752 725 3752
3 4477 712 4477
3 5189 731 5189
3 5920 3 5920
3 5923 713 5923
3 6636 800 6636
3 7436 764 7436
3 8200 735 8200
3 8935 8 8935
3 8943 755 8943
3 9698 735 9698
3 10433 740 10433
3 11173 717 11173
3 11894 2 11894
3 11896 2 11896
3 11898 2 11898
3 11900 2 11900
3 11902 709 11902
3 12611 718 12611
3 13329 747 13329
3 14076 751 14076
3 14829 735 14829
3 15564 689 15564
3 16253 714 16253
3 16967 719 16967
3 17686 739 17686
3 18425 711 18425
3 19136 737 19136
3 19873 709 19873
3 20582 3 20582
3 20585 764 20585
3 21349 755 21349
3 22104 701 22104
3 22805 729 22805
3 23534 5 23534
3 23539 4 23539
3 23543 4 23543
3 23547 4 23547
3 23551 9 23551
3 23560 731 23560
3 24291 699 24291
3 24990 739 24990
3 25729 729 25729
3 26458 2 26458
3 26460 756 26460
3 27216 727 27216
3 27943 727 27943
3 28670 722 28670
3 29392 5 29392
3 29397 754 29397
3 30151 717 30151
3 30868 737 30868
3 31605 736 31605
3 32341 7 32341
3 32348 756 32348
3 33104 729 33104
3 33833 714 33833
3 34547 740 34547
3 35287 7 35287
3 35294 7 35294
3 35301 4 35301
3 35305 3 35305
3 35308 6 35308
3 35314 768 35314
3 36082 752 36082
3 36834 766 36834
3 37600 736 37600
3 38336 714 38336
3 39050 714 39050
3 39764 738 39764
3 40502 777 40502
3 41279 9 41279
3 41288 696 41288
3 41984 702 41984
3 42686 707 42686
3 43393 763 43393
3 44156 3 44156
3 44159 745 44159
3 44904 724 44904
3 45628 716 45628
3 46344 703 46344
3 11891 1 11891
3 14827 1 0
1 1 1 1
1 2 1 2
1 3 1 3
2 11891 1 4
1 5 1 5
1 6 1 6
1 7 1 7
1 8 1 8
1 9 1 9
1 10 1 10
1 11 1 11
1 12 1 12
1 13 1 13
1 14 1 14
1 15 1 15
1 16 1 16
3 14828 1 17
2 11893 1 18
1 19 1 19
1 20 1 20
1 21 1 21
1 22 1 22
1 23 1 23
1 24 1 24
1 25 1 25
1 26 1 26
1 27 1 27
1 28 1 28
1 29 1 29
1 30 1 30
1 31 1 31
1 32 1 32
1 33 1 33
1 34 1 34
1 35 1 35
1 36 1 36
1 37 1 37
1 38 1 38
1 39 1 39
1 40 1 40
1 41 1 41
1 42 1 42
1 43 1 43
1 44 1 44
1 45 1 45
1 46 1 46
1 47 1 47
1 48 1 48
1 49 1 49
1 50 1 50
1 51 1 51
1 52 1 52
1 53 1 53
1 54 1 54
1 55 1 55
1 56 1 56
1 57 1 57
1 58 1 58
1 59 1 59
1 60 1 60
1 61 1 61
1 62 1 62
1 63 1 63
1 64 1 64
1 65 1 65
1 66 1 66
1 67 1 67

