3 2 2 2
3 5 2 5
3 9 7 9
3 16 2 16
3 18 4 18
3 22 10 22
3 32 4 32
3 36 4 36
3 40 5 40
3 45 2 45
3 47 5 47
3 52 3 52
3 55 4 55
3 59 9 59
3 68 3 68
3 72 7 72
3 79 6 79
3 85 4 85
3 89 2 89
3 92 756 92
3 848 739 848
3 1587 734 1587
3 2321 759 2321
3 3080 2 3080
3 3082 751 3082
3 3833 777 3833
3 4610 753 4610
3 5363 771 5363
3 6134 5 6134
3 6139 752 6139
3 6891 783 6891
3 7674 724 7674
3 8398 745 8398
3 9143 9 9143
3 9152 736 9152
3 9888 777 9888
3 10665 758 10665
3 11423 765 11423
3 12188 3 12188
3 12191 4 12191
3 12195 3 12195
3 12198 4 12198
3 12202 8 12202
3 12210 734 12210
3 12944 755 12944
3 13699 765 13699
3 14464 808 14464
3 15272 4 15272
3 15276 765 15276
3 16041 812 16041
3 16853 791 16853
3 17644 778 17644
3 18422 3 18422
3 18425 734 18425
3 19159 771 19159
3 19930 790 19930
3 20720 747 20720
3 21467 8 21467
3 21475 779 21475
3 22254 770 22254
3 23024 772 23024
3 23796 815 23796
3 24611 5 24611
3 24616 6 24616
3 24622 4 24622
3 24626 10 24626
3 24636 736 24636
3 25372 778 25372
3 26150 747 26150
3 26897 738 26897
3 27635 2 27635
3 27637 798 27637
3 28435 785 28435
3 29220 733 29220
3 29953 803 29953
3 30756 3 30756
3 30759 753 30759
3 31512 742 31512
3 32254 755 32254
3 33009 740 33009
3 33749 2 33749
3 33751 743 33751
3 34494 744 34494
3 35238 782 35238
3 36020 741 36020
3 36761 2 36761
3 36763 6 36763
3 36769 8 36769
3 36777 6 36777
3 36784 759 36784
3 37543 778 37543
3 38321 756 38321
3 39077 738 39077
3 39815 6 39815
3 39821 752 39821
3 40573 765 40573
3 41338 764 41338
3 42102 788 42102
3 42890 4 42890
3 42894 765 42894
3 43659 823 43659
3 44482 719 44482
3 45201 777 45201
3 45978 3 45978
3 45981 770 45981
3 46751 775 46751
3 47526 776 47526
3 48302 772 48302
3 36783 1 36783
3 91 1 0
1 1 1 1
1 2 1 2
1 3 1 3
1 4 1 4
1 5 1 5
1 6 1 6
1 7 1 7
1 8 1 8
1 9 1 9
1 10 1 10
1 11 1 11
1 12 1 12
1 13 1 13
1 14 1 14
1 15 1 15
1 16 1 16
1 17 1 17
1 18 1 18
1 19 1 19
1 20 1 20
1 21 1 21
1 22 1 22
1 23 1 23
1 24 1 24
1 25 1 25
1 26 1 26
1 27 1 27
1 28 1 28
1 29 1 29
1 30 1 30
1 31 1 31
1 32 1 32
1 33 1 33
1 34 1 34
1 35 1 35
1 36 1 36
1 37 1 37
1 38 1 38
1 39 1 39
1 40 1 40
1 41 1 41
1 42 1 42
1 43 1 43
1 44 1 44
1 45 1 45
1 46 1 46
1 47 1 47
1 48 1 48
1 49 1 49
1 50 1 50
1 51 1 51
1 52 1 52
1 53 1 53
1 54 1 54
1 55 1 55
1 56 1 56
1 57 1 57
1 58 1 58
1 59 1 59
1 60 1 60
1 61 1 61
1 62 1 62
1 63 1 63
1 64 1 64
1 65 1 65
1 66 1 66
1 67 1 67
1 68 1 68
1 69 1 69
1 70 1 70

